Using pre-set license
Built from '2020.3/staging' branch; Version is '2020.3.23f1 (c5d91304a876) revision 12966163'; Using compiler version '192528614'; Build Type 'Release'
OS: 'Windows 10 Home; OS build 19043.1348; Version 2009; 64bit' Language: 'en' Physical Memory: 16335 MB
BatchMode: 1, IsHumanControllingUs: 0, StartBugReporterOnCrash: 0, Is64bit: 1, IsPro: 0

COMMAND LINE ARGUMENTS:
E:\Unity\2020.3.23f1\Editor\Unity.exe
-adb2
-batchMode
-noUpm
-name
AssetImportWorker0
-projectPath
E:/DKIT/3D Game Development/3DGD_CA1_PatrickNugent/3DGD_CA1_PatrickNugent
-logFile
Logs/AssetImportWorker0.log
-srvPort
65300
Successfully changed project path to: E:/DKIT/3D Game Development/3DGD_CA1_PatrickNugent/3DGD_CA1_PatrickNugent
E:/DKIT/3D Game Development/3DGD_CA1_PatrickNugent/3DGD_CA1_PatrickNugent
Using Asset Import Pipeline V2.
Refreshing native plugins compatible for Editor in 92.67 ms, found 2 plugins.
Preloading 0 native plugins for Editor in 0.00 ms.
Initialize engine version: 2020.3.23f1 (c5d91304a876)
[Subsystems] Discovering subsystems at path E:/Unity/2020.3.23f1/Editor/Data/Resources/UnitySubsystems
[Subsystems] Discovering subsystems at path E:/DKIT/3D Game Development/3DGD_CA1_PatrickNugent/3DGD_CA1_PatrickNugent/Assets
GfxDevice: creating device client; threaded=0
Direct3D:
    Version:  Direct3D 11.0 [level 11.1]
    Renderer: NVIDIA GeForce GTX 1660 Ti (ID=0x2182)
    Vendor:   
    VRAM:     5991 MB
    Driver:   27.21.14.6589
Initialize mono
Mono path[0] = 'E:/Unity/2020.3.23f1/Editor/Data/Managed'
Mono path[1] = 'E:/Unity/2020.3.23f1/Editor/Data/MonoBleedingEdge/lib/mono/unityjit'
Mono config path = 'E:/Unity/2020.3.23f1/Editor/Data/MonoBleedingEdge/etc'
Using monoOptions --debugger-agent=transport=dt_socket,embedding=1,server=y,suspend=n,address=127.0.0.1:56420
Begin MonoManager ReloadAssembly
Registering precompiled unity dll's ...
Register platform support module: E:/Unity/2020.3.23f1/Editor/Data/PlaybackEngines/WindowsStandaloneSupport/UnityEditor.WindowsStandalone.Extensions.dll
Registered in 0.002028 seconds.
Native extension for WindowsStandalone target not found
Refreshing native plugins compatible for Editor in 93.00 ms, found 2 plugins.
Preloading 0 native plugins for Editor in 0.00 ms.
Mono: successfully reloaded assembly
- Completed reload, in  0.773 seconds
Domain Reload Profiling:
	ReloadAssembly (774ms)
		BeginReloadAssembly (71ms)
			ExecutionOrderSort (0ms)
			DisableScriptedObjects (0ms)
			BackupInstance (0ms)
			ReleaseScriptingObjects (0ms)
			CreateAndSetChildDomain (1ms)
		EndReloadAssembly (612ms)
			LoadAssemblies (70ms)
			RebuildTransferFunctionScriptingTraits (0ms)
			SetupTypeCache (200ms)
			ReleaseScriptCaches (0ms)
			RebuildScriptCaches (39ms)
			SetupLoadedEditorAssemblies (249ms)
				LogAssemblyErrors (0ms)
				InitializePlatformSupportModulesInManaged (5ms)
				SetLoadedEditorAssemblies (0ms)
				RefreshPlugins (93ms)
				BeforeProcessingInitializeOnLoad (10ms)
				ProcessInitializeOnLoadAttributes (103ms)
				ProcessInitializeOnLoadMethodAttributes (37ms)
				AfterProcessingInitializeOnLoad (0ms)
				EditorAssembliesLoaded (0ms)
			ExecutionOrderSort2 (0ms)
			AwakeInstancesAfterBackupRestoration (0ms)
Platform modules already initialized, skipping
Registering precompiled user dll's ...
Registered in 0.024164 seconds.
Begin MonoManager ReloadAssembly
Native extension for WindowsStandalone target not found
Refreshing native plugins compatible for Editor in 97.37 ms, found 2 plugins.
Preloading 0 native plugins for Editor in 0.00 ms.
Mono: successfully reloaded assembly
- Completed reload, in  1.589 seconds
Domain Reload Profiling:
	ReloadAssembly (1590ms)
		BeginReloadAssembly (190ms)
			ExecutionOrderSort (0ms)
			DisableScriptedObjects (6ms)
			BackupInstance (0ms)
			ReleaseScriptingObjects (0ms)
			CreateAndSetChildDomain (22ms)
		EndReloadAssembly (1325ms)
			LoadAssemblies (122ms)
			RebuildTransferFunctionScriptingTraits (0ms)
			SetupTypeCache (425ms)
			ReleaseScriptCaches (1ms)
			RebuildScriptCaches (74ms)
			SetupLoadedEditorAssemblies (552ms)
				LogAssemblyErrors (0ms)
				InitializePlatformSupportModulesInManaged (5ms)
				SetLoadedEditorAssemblies (0ms)
				RefreshPlugins (97ms)
				BeforeProcessingInitializeOnLoad (102ms)
				ProcessInitializeOnLoadAttributes (330ms)
				ProcessInitializeOnLoadMethodAttributes (12ms)
				AfterProcessingInitializeOnLoad (5ms)
				EditorAssembliesLoaded (0ms)
			ExecutionOrderSort2 (0ms)
			AwakeInstancesAfterBackupRestoration (8ms)
Platform modules already initialized, skipping
========================================================================
Worker process is ready to serve import requests
Launched and connected shader compiler UnityShaderCompiler.exe after 0.55 seconds
Refreshing native plugins compatible for Editor in 0.90 ms, found 2 plugins.
Preloading 0 native plugins for Editor in 0.00 ms.
Unloading 3162 Unused Serialized files (Serialized files now loaded: 0)
System memory in use before: 140.8 MB.
System memory in use after: 141.0 MB.

Unloading 22 unused Assets to reduce memory usage. Loaded Objects now: 3601.
Total: 3.937200 ms (FindLiveObjects: 0.285000 ms CreateObjectMapping: 0.149900 ms MarkObjects: 3.405800 ms  DeleteObjects: 0.094800 ms)

AssetImportParameters requested are different than current active one (requested -> active):
  custom:framework-win-MediaFoundation: 216162199b28c13a410421893ffa2e32 -> 
  custom:video-decoder-ogg-theora: a1e56fd34408186e4bbccfd4996cb3dc -> 
  custom:container-muxer-webm: aa71ff27fc2769a1b78a27578f13a17b -> 
  custom:container-demuxer-webm: 4f35f7cbe854078d1ac9338744f61a02 -> 
  custom:container-demuxer-ogg: 62fdf1f143b41e24485cea50d1cbac27 -> 
  custom:video-encoder-webm-vp8: eb34c28f22e8b96e1ab97ce403110664 -> 
  custom:video-decoder-webm-vp8: 9c59270c3fd7afecdb556c50c9e8de78 -> 
  custom:audio-decoder-ogg-vorbis: bf7c407c2cedff20999df2af8eb42d56 -> 
  custom:audio-encoder-webm-vorbis: bf7c407c2cedff20999df2af8eb42d56 -> 
========================================================================
Received Import Request.
  path: Assets/Settings/PlayerInput.inputactions
  artifactKey: Guid(7815526b781294b4990e187070293c92) Importer(815301076,1909f56bfc062723c751e8b465ee728b)
Start importing Assets/Settings/PlayerInput.inputactions using Guid(7815526b781294b4990e187070293c92) Importer(815301076,1909f56bfc062723c751e8b465ee728b)  -> (artifact id: '57fc0e01be94f1803c2f2a7dea110f7f') in 0.070684 seconds 
  Import took 0.076855 seconds .

========================================================================
Received Import Request.
  Time since last request: 117.501638 seconds.
  path: Assets/Settings/PlayerInput.inputactions
  artifactKey: Guid(7815526b781294b4990e187070293c92) Importer(815301076,1909f56bfc062723c751e8b465ee728b)
Start importing Assets/Settings/PlayerInput.inputactions using Guid(7815526b781294b4990e187070293c92) Importer(815301076,1909f56bfc062723c751e8b465ee728b)  -> (artifact id: '847a6f539fbf5bbd3c5cb3385d73da99') in 0.004138 seconds 
  Import took 0.012383 seconds .

========================================================================
Received Import Request.
  Time since last request: 135.133808 seconds.
  path: Assets/Prefabs
  artifactKey: Guid(a26f3fd4e3ec6b34b80676b28bd40ae4) Importer(815301076,1909f56bfc062723c751e8b465ee728b)
Start importing Assets/Prefabs using Guid(a26f3fd4e3ec6b34b80676b28bd40ae4) Importer(815301076,1909f56bfc062723c751e8b465ee728b)  -> (artifact id: '52b3d9e01ee13b781f2a98920e453891') in 0.026756 seconds 
  Import took 0.032336 seconds .

========================================================================
Received Import Request.
  Time since last request: 3.254786 seconds.
  path: Assets/Prefabs/WaypointMarker.prefab
  artifactKey: Guid(38d8745591705994db6ef26c7179da24) Importer(815301076,1909f56bfc062723c751e8b465ee728b)
Start importing Assets/Prefabs/WaypointMarker.prefab using Guid(38d8745591705994db6ef26c7179da24) Importer(815301076,1909f56bfc062723c751e8b465ee728b)  -> (artifact id: 'ecd0cb270a062ee204eec1b5f1822112') in 0.033489 seconds 
  Import took 0.040510 seconds .

========================================================================
Received Import Request.
  Time since last request: 9.589014 seconds.
  path: Assets/Prefabs/SelectionMarker.prefab
  artifactKey: Guid(bab02af2f16be904ab518ac60d899111) Importer(815301076,1909f56bfc062723c751e8b465ee728b)
Start importing Assets/Prefabs/SelectionMarker.prefab using Guid(bab02af2f16be904ab518ac60d899111) Importer(815301076,1909f56bfc062723c751e8b465ee728b)  -> (artifact id: '04e47ae14d4e9f0cc4702282d7846727') in 0.010960 seconds 
  Import took 0.018459 seconds .

========================================================================
Received Import Request.
  Time since last request: 101.534499 seconds.
  path: Assets/Textures/Selection
  artifactKey: Guid(c913f7cd894dfb2488ce655f376ee80d) Importer(815301076,1909f56bfc062723c751e8b465ee728b)
Start importing Assets/Textures/Selection using Guid(c913f7cd894dfb2488ce655f376ee80d) Importer(815301076,1909f56bfc062723c751e8b465ee728b)  -> (artifact id: '7cf583823db750222f5ffc27ff7496ca') in 0.010934 seconds 
  Import took 0.017795 seconds .

========================================================================
Received Import Request.
  Time since last request: 6.741120 seconds.
  path: Assets/Textures/Selection/ring target 3.png
  artifactKey: Guid(9c05b63fd6b234048a439679a1008c7e) Importer(815301076,1909f56bfc062723c751e8b465ee728b)
Start importing Assets/Textures/Selection/ring target 3.png using Guid(9c05b63fd6b234048a439679a1008c7e) Importer(815301076,1909f56bfc062723c751e8b465ee728b)  -> (artifact id: '7345511f6b8ace04fe297d4899e7d217') in 0.095271 seconds 
  Import took 0.102750 seconds .

========================================================================
Received Import Request.
  Time since last request: 1.723354 seconds.
  path: Assets/Textures/Selection/ring target 4.png
  artifactKey: Guid(8eed39306f01d5b4084e28cd8ab8d00a) Importer(815301076,1909f56bfc062723c751e8b465ee728b)
Start importing Assets/Textures/Selection/ring target 4.png using Guid(8eed39306f01d5b4084e28cd8ab8d00a) Importer(815301076,1909f56bfc062723c751e8b465ee728b)  -> (artifact id: '8177d965414ca84d0d1c774b05e573e4') in 0.017910 seconds 
  Import took 0.024873 seconds .

========================================================================
Received Import Request.
  Time since last request: 7.381748 seconds.
  path: Assets/Meshes/Selection
  artifactKey: Guid(9c6d91d18cce7124da74e1c107850b4f) Importer(815301076,1909f56bfc062723c751e8b465ee728b)
Start importing Assets/Meshes/Selection using Guid(9c6d91d18cce7124da74e1c107850b4f) Importer(815301076,1909f56bfc062723c751e8b465ee728b)  -> (artifact id: '7d9c3c02a73e8da30b5946aa7431e434') in 0.004379 seconds 
  Import took 0.010913 seconds .

========================================================================
Received Import Request.
  Time since last request: 5.931066 seconds.
  path: Assets/Meshes/Selection/ring target 3.fbx
  artifactKey: Guid(62eca330224f01f4abdaf83e0feaa1f4) Importer(815301076,1909f56bfc062723c751e8b465ee728b)
Start importing Assets/Meshes/Selection/ring target 3.fbx using Guid(62eca330224f01f4abdaf83e0feaa1f4) Importer(815301076,1909f56bfc062723c751e8b465ee728b)  -> (artifact id: 'd157c4b80ac89bccb182431e203384a3') in 0.300868 seconds 
  Import took 0.307385 seconds .

========================================================================
Received Import Request.
  Time since last request: 2.041692 seconds.
  path: Assets/Meshes/Selection/ring target 4.fbx
  artifactKey: Guid(668c6d3edafb7fb42a52ca947b67b462) Importer(815301076,1909f56bfc062723c751e8b465ee728b)
Start importing Assets/Meshes/Selection/ring target 4.fbx using Guid(668c6d3edafb7fb42a52ca947b67b462) Importer(815301076,1909f56bfc062723c751e8b465ee728b)  -> (artifact id: '2f40d86314305719e49d307d0e4df1f9') in 0.043042 seconds 
  Import took 0.049161 seconds .

========================================================================
Received Import Request.
  Time since last request: 84.388124 seconds.
  path: Assets/Textures/Selection/ring target 4.png
  artifactKey: Guid(8eed39306f01d5b4084e28cd8ab8d00a) Importer(815301076,1909f56bfc062723c751e8b465ee728b)
Start importing Assets/Textures/Selection/ring target 4.png using Guid(8eed39306f01d5b4084e28cd8ab8d00a) Importer(815301076,1909f56bfc062723c751e8b465ee728b)  -> (artifact id: '5eaff92691e49486d6f5734ca698a9eb') in 0.039724 seconds 
  Import took 0.046005 seconds .

========================================================================
Received Import Request.
  Time since last request: 28.234514 seconds.
  path: Assets/Textures/Selection/ring target 3.png
  artifactKey: Guid(8eed39306f01d5b4084e28cd8ab8d00a) Importer(815301076,1909f56bfc062723c751e8b465ee728b)
Start importing Assets/Textures/Selection/ring target 3.png using Guid(8eed39306f01d5b4084e28cd8ab8d00a) Importer(815301076,1909f56bfc062723c751e8b465ee728b)  -> (artifact id: 'ee56a732d60aa27a23920b7a528fa21e') in 0.032889 seconds 
  Import took 0.039806 seconds .

========================================================================
Received Import Request.
  Time since last request: 48.484965 seconds.
  path: Assets/Animations/WaypointAnimator.controller
  artifactKey: Guid(b0eb5fe5f66e3de498141452cc55f487) Importer(815301076,1909f56bfc062723c751e8b465ee728b)
Start importing Assets/Animations/WaypointAnimator.controller using Guid(b0eb5fe5f66e3de498141452cc55f487) Importer(815301076,1909f56bfc062723c751e8b465ee728b)  -> (artifact id: 'a3ab8463a03ce7b09ad18fff1d2e3251') in 0.011618 seconds 
  Import took 0.017281 seconds .

========================================================================
Received Import Request.
  Time since last request: 402.625776 seconds.
  path: Assets/Textures/Selection/ring target 16.png
  artifactKey: Guid(74244277d6945df4d9b19227035cc13a) Importer(815301076,1909f56bfc062723c751e8b465ee728b)
Start importing Assets/Textures/Selection/ring target 16.png using Guid(74244277d6945df4d9b19227035cc13a) Importer(815301076,1909f56bfc062723c751e8b465ee728b)  -> (artifact id: '039202ef85a4dd60953f3b53a49e21b4') in 0.016328 seconds 
  Import took 0.023811 seconds .

========================================================================
Received Import Request.
  Time since last request: 13.404566 seconds.
  path: Assets/Textures/Selection/ring target 16.png
  artifactKey: Guid(74244277d6945df4d9b19227035cc13a) Importer(815301076,1909f56bfc062723c751e8b465ee728b)
Start importing Assets/Textures/Selection/ring target 16.png using Guid(74244277d6945df4d9b19227035cc13a) Importer(815301076,1909f56bfc062723c751e8b465ee728b)  -> (artifact id: 'b403ff2599eba048c5ce60dbd56226eb') in 0.027085 seconds 
  Import took 0.032923 seconds .

========================================================================
Received Prepare
Registering precompiled user dll's ...
Registered in 0.006089 seconds.
Begin MonoManager ReloadAssembly
Native extension for WindowsStandalone target not found
Refreshing native plugins compatible for Editor in 0.88 ms, found 2 plugins.
Preloading 0 native plugins for Editor in 0.00 ms.
Mono: successfully reloaded assembly
- Completed reload, in  1.490 seconds
Domain Reload Profiling:
	ReloadAssembly (1490ms)
		BeginReloadAssembly (166ms)
			ExecutionOrderSort (0ms)
			DisableScriptedObjects (8ms)
			BackupInstance (0ms)
			ReleaseScriptingObjects (0ms)
			CreateAndSetChildDomain (46ms)
		EndReloadAssembly (1253ms)
			LoadAssemblies (117ms)
			RebuildTransferFunctionScriptingTraits (0ms)
			SetupTypeCache (431ms)
			ReleaseScriptCaches (1ms)
			RebuildScriptCaches (56ms)
			SetupLoadedEditorAssemblies (448ms)
				LogAssemblyErrors (0ms)
				InitializePlatformSupportModulesInManaged (4ms)
				SetLoadedEditorAssemblies (1ms)
				RefreshPlugins (1ms)
				BeforeProcessingInitializeOnLoad (80ms)
				ProcessInitializeOnLoadAttributes (345ms)
				ProcessInitializeOnLoadMethodAttributes (13ms)
				AfterProcessingInitializeOnLoad (4ms)
				EditorAssembliesLoaded (0ms)
			ExecutionOrderSort2 (0ms)
			AwakeInstancesAfterBackupRestoration (22ms)
Platform modules already initialized, skipping
Refreshing native plugins compatible for Editor in 0.86 ms, found 2 plugins.
Preloading 0 native plugins for Editor in 0.00 ms.
Unloading 3052 Unused Serialized files (Serialized files now loaded: 0)
System memory in use before: 139.3 MB.
System memory in use after: 139.6 MB.

Unloading 15 unused Assets to reduce memory usage. Loaded Objects now: 3687.
Total: 3.759000 ms (FindLiveObjects: 0.297800 ms CreateObjectMapping: 0.135000 ms MarkObjects: 3.281600 ms  DeleteObjects: 0.043200 ms)

AssetImportParameters requested are different than current active one (requested -> active):
  custom:framework-win-MediaFoundation: 216162199b28c13a410421893ffa2e32 -> 
  custom:video-decoder-ogg-theora: a1e56fd34408186e4bbccfd4996cb3dc -> 
  custom:container-muxer-webm: aa71ff27fc2769a1b78a27578f13a17b -> 
  custom:container-demuxer-webm: 4f35f7cbe854078d1ac9338744f61a02 -> 
  custom:container-demuxer-ogg: 62fdf1f143b41e24485cea50d1cbac27 -> 
  custom:video-encoder-webm-vp8: eb34c28f22e8b96e1ab97ce403110664 -> 
  custom:video-decoder-webm-vp8: 9c59270c3fd7afecdb556c50c9e8de78 -> 
  custom:audio-decoder-ogg-vorbis: bf7c407c2cedff20999df2af8eb42d56 -> 
  custom:audio-encoder-webm-vorbis: bf7c407c2cedff20999df2af8eb42d56 -> 
========================================================================
Received Prepare
Registering precompiled user dll's ...
Registered in 0.006103 seconds.
Begin MonoManager ReloadAssembly
Native extension for WindowsStandalone target not found
Refreshing native plugins compatible for Editor in 0.85 ms, found 2 plugins.
Preloading 0 native plugins for Editor in 0.00 ms.
Mono: successfully reloaded assembly
- Completed reload, in  1.444 seconds
Domain Reload Profiling:
	ReloadAssembly (1445ms)
		BeginReloadAssembly (139ms)
			ExecutionOrderSort (0ms)
			DisableScriptedObjects (6ms)
			BackupInstance (0ms)
			ReleaseScriptingObjects (0ms)
			CreateAndSetChildDomain (43ms)
		EndReloadAssembly (1219ms)
			LoadAssemblies (126ms)
			RebuildTransferFunctionScriptingTraits (0ms)
			SetupTypeCache (416ms)
			ReleaseScriptCaches (1ms)
			RebuildScriptCaches (61ms)
			SetupLoadedEditorAssemblies (428ms)
				LogAssemblyErrors (0ms)
				InitializePlatformSupportModulesInManaged (4ms)
				SetLoadedEditorAssemblies (1ms)
				RefreshPlugins (1ms)
				BeforeProcessingInitializeOnLoad (89ms)
				ProcessInitializeOnLoadAttributes (317ms)
				ProcessInitializeOnLoadMethodAttributes (11ms)
				AfterProcessingInitializeOnLoad (5ms)
				EditorAssembliesLoaded (0ms)
			ExecutionOrderSort2 (0ms)
			AwakeInstancesAfterBackupRestoration (21ms)
Platform modules already initialized, skipping
Refreshing native plugins compatible for Editor in 1.38 ms, found 2 plugins.
Preloading 0 native plugins for Editor in 0.00 ms.
Unloading 3052 Unused Serialized files (Serialized files now loaded: 0)
System memory in use before: 139.4 MB.
System memory in use after: 139.6 MB.

Unloading 15 unused Assets to reduce memory usage. Loaded Objects now: 3689.
Total: 3.986400 ms (FindLiveObjects: 0.316500 ms CreateObjectMapping: 0.141700 ms MarkObjects: 3.502300 ms  DeleteObjects: 0.024400 ms)

AssetImportParameters requested are different than current active one (requested -> active):
  custom:framework-win-MediaFoundation: 216162199b28c13a410421893ffa2e32 -> 
  custom:video-decoder-ogg-theora: a1e56fd34408186e4bbccfd4996cb3dc -> 
  custom:container-muxer-webm: aa71ff27fc2769a1b78a27578f13a17b -> 
  custom:container-demuxer-webm: 4f35f7cbe854078d1ac9338744f61a02 -> 
  custom:container-demuxer-ogg: 62fdf1f143b41e24485cea50d1cbac27 -> 
  custom:video-encoder-webm-vp8: eb34c28f22e8b96e1ab97ce403110664 -> 
  custom:video-decoder-webm-vp8: 9c59270c3fd7afecdb556c50c9e8de78 -> 
  custom:audio-decoder-ogg-vorbis: bf7c407c2cedff20999df2af8eb42d56 -> 
  custom:audio-encoder-webm-vorbis: bf7c407c2cedff20999df2af8eb42d56 -> 
========================================================================
Received Import Request.
  Time since last request: 382.647255 seconds.
  path: Assets/Animations/Cop.controller
  artifactKey: Guid(51526391a3c17d14291743156db0a294) Importer(815301076,1909f56bfc062723c751e8b465ee728b)
Start importing Assets/Animations/Cop.controller using Guid(51526391a3c17d14291743156db0a294) Importer(815301076,1909f56bfc062723c751e8b465ee728b)  -> (artifact id: '7ab1c42be96c606eee5ef2be4e20ff3c') in 0.085562 seconds 
  Import took 0.092434 seconds .

========================================================================
Received Import Request.
  Time since last request: 6.275264 seconds.
  path: Assets/Animations/Cop@Idle.fbx
  artifactKey: Guid(9a966abfd7b947e40a03b00fe180c73d) Importer(815301076,1909f56bfc062723c751e8b465ee728b)
Start importing Assets/Animations/Cop@Idle.fbx using Guid(9a966abfd7b947e40a03b00fe180c73d) Importer(815301076,1909f56bfc062723c751e8b465ee728b)  -> (artifact id: '40c92c99f9f0f9cc88521b577bcbec9f') in 0.045689 seconds 
  Import took 0.053341 seconds .

========================================================================
Received Import Request.
  Time since last request: 5.318329 seconds.
  path: Assets/Animations/Homeless_Man.controller
  artifactKey: Guid(bfdabbb162848c74da0d77aa30145f95) Importer(815301076,1909f56bfc062723c751e8b465ee728b)
Start importing Assets/Animations/Homeless_Man.controller using Guid(bfdabbb162848c74da0d77aa30145f95) Importer(815301076,1909f56bfc062723c751e8b465ee728b)  -> (artifact id: 'a876c5f1d6deb242936c500c2d87bf71') in 0.010995 seconds 
  Import took 0.018090 seconds .

========================================================================
Received Import Request.
  Time since last request: 31.196436 seconds.
  path: Assets/Animations/Homeless_Man@Sitting Idle.fbx
  artifactKey: Guid(bc6f76b39431c5f4ab090caf47d1dc79) Importer(815301076,1909f56bfc062723c751e8b465ee728b)
Start importing Assets/Animations/Homeless_Man@Sitting Idle.fbx using Guid(bc6f76b39431c5f4ab090caf47d1dc79) Importer(815301076,1909f56bfc062723c751e8b465ee728b)  -> (artifact id: 'b2b713c2ae22b2981b198c7eb20f7920') in 0.021831 seconds 
  Import took 0.029682 seconds .

========================================================================
Received Import Request.
  Time since last request: 0.700974 seconds.
  path: Assets/Animations/ren.controller
  artifactKey: Guid(94738f60c5247f2489907e7895f2b43a) Importer(815301076,1909f56bfc062723c751e8b465ee728b)
Start importing Assets/Animations/ren.controller using Guid(94738f60c5247f2489907e7895f2b43a) Importer(815301076,1909f56bfc062723c751e8b465ee728b)  -> (artifact id: '8f3b752dd8a06636c8e8d3b9bad8becb') in 0.008685 seconds 
  Import took 0.015050 seconds .

========================================================================
Received Import Request.
  Time since last request: 1.858844 seconds.
  path: Assets/Animations/Ren.controller
  artifactKey: Guid(94738f60c5247f2489907e7895f2b43a) Importer(815301076,1909f56bfc062723c751e8b465ee728b)
Start importing Assets/Animations/Ren.controller using Guid(94738f60c5247f2489907e7895f2b43a) Importer(815301076,1909f56bfc062723c751e8b465ee728b)  -> (artifact id: '6d66438b6fed0b6ff8be7c164a057700') in 0.010644 seconds 
  Import took 0.018377 seconds .

========================================================================
Received Import Request.
  Time since last request: 1.135873 seconds.
  path: Assets/Animations/SelectionAnimator.controller
  artifactKey: Guid(399b9b336e27457449dff91b79daaa44) Importer(815301076,1909f56bfc062723c751e8b465ee728b)
Start importing Assets/Animations/SelectionAnimator.controller using Guid(399b9b336e27457449dff91b79daaa44) Importer(815301076,1909f56bfc062723c751e8b465ee728b)  -> (artifact id: 'e70dbc47c2e28ba5186554ed1029e830') in 0.009622 seconds 
  Import took 0.017842 seconds .

========================================================================
Received Import Request.
  Time since last request: 1.073626 seconds.
  path: Assets/Animations/victim.controller
  artifactKey: Guid(f6a84d99da90b58489a626b95345c481) Importer(815301076,1909f56bfc062723c751e8b465ee728b)
Start importing Assets/Animations/victim.controller using Guid(f6a84d99da90b58489a626b95345c481) Importer(815301076,1909f56bfc062723c751e8b465ee728b)  -> (artifact id: '95cc61b1526af2853ff0daa0f8a7f3b4') in 0.022753 seconds 
  Import took 0.029913 seconds .

========================================================================
Received Import Request.
  Time since last request: 2.223802 seconds.
  path: Assets/Animations/Victim.controller
  artifactKey: Guid(f6a84d99da90b58489a626b95345c481) Importer(815301076,1909f56bfc062723c751e8b465ee728b)
Start importing Assets/Animations/Victim.controller using Guid(f6a84d99da90b58489a626b95345c481) Importer(815301076,1909f56bfc062723c751e8b465ee728b)  -> (artifact id: 'cf7cf9cf0f616f1e22d1573f63253df1') in 0.039874 seconds 
  Import took 0.046897 seconds .

========================================================================
Received Import Request.
  Time since last request: 2.599203 seconds.
  path: Assets/Animations/Victim@Laying Sleeping.fbx
  artifactKey: Guid(d04b128794eb4d747bf34f2b1534c038) Importer(815301076,1909f56bfc062723c751e8b465ee728b)
Start importing Assets/Animations/Victim@Laying Sleeping.fbx using Guid(d04b128794eb4d747bf34f2b1534c038) Importer(815301076,1909f56bfc062723c751e8b465ee728b)  -> (artifact id: 'e034c533dabf1da77914f9829b3c79cf') in 0.021512 seconds 
  Import took 0.028962 seconds .

========================================================================
Received Import Request.
  Time since last request: 85.077559 seconds.
  path: Assets/Animations/Idle.fbx
  artifactKey: Guid(360c761c974cb394e86eb0b2263e36fc) Importer(815301076,1909f56bfc062723c751e8b465ee728b)
Start importing Assets/Animations/Idle.fbx using Guid(360c761c974cb394e86eb0b2263e36fc) Importer(815301076,1909f56bfc062723c751e8b465ee728b)  -> (artifact id: '484ac2c1091c6728fa05b0af8e94b4c0') in 0.389083 seconds 
  Import took 0.398778 seconds .

========================================================================
Received Import Request.
  Time since last request: 0.000266 seconds.
  path: Assets/Animations/Walking.fbx
  artifactKey: Guid(0d21885905c5bc346b223eaeedfd7d19) Importer(815301076,1909f56bfc062723c751e8b465ee728b)
Start importing Assets/Animations/Walking.fbx using Guid(0d21885905c5bc346b223eaeedfd7d19) Importer(815301076,1909f56bfc062723c751e8b465ee728b)  -> (artifact id: 'bf31cffd60167a56d25693a0ce600b51') in 0.017761 seconds 
  Import took 0.025043 seconds .

========================================================================
Received Import Request.
  Time since last request: 65.577602 seconds.
  path: Assets/Animations/Idle.fbx
  artifactKey: Guid(360c761c974cb394e86eb0b2263e36fc) Importer(815301076,1909f56bfc062723c751e8b465ee728b)
Start importing Assets/Animations/Idle.fbx using Guid(360c761c974cb394e86eb0b2263e36fc) Importer(815301076,1909f56bfc062723c751e8b465ee728b)  -> (artifact id: '7664770a2d18b8b4e9b00424de7602e7') in 0.014956 seconds 
  Import took 0.023109 seconds .

========================================================================
Received Prepare
Registering precompiled user dll's ...
Registered in 0.006024 seconds.
Begin MonoManager ReloadAssembly
Native extension for WindowsStandalone target not found
Refreshing native plugins compatible for Editor in 0.87 ms, found 2 plugins.
Preloading 0 native plugins for Editor in 0.00 ms.
Mono: successfully reloaded assembly
- Completed reload, in  1.369 seconds
Domain Reload Profiling:
	ReloadAssembly (1369ms)
		BeginReloadAssembly (148ms)
			ExecutionOrderSort (0ms)
			DisableScriptedObjects (9ms)
			BackupInstance (0ms)
			ReleaseScriptingObjects (0ms)
			CreateAndSetChildDomain (47ms)
		EndReloadAssembly (1149ms)
			LoadAssemblies (118ms)
			RebuildTransferFunctionScriptingTraits (0ms)
			SetupTypeCache (403ms)
			ReleaseScriptCaches (1ms)
			RebuildScriptCaches (56ms)
			SetupLoadedEditorAssemblies (388ms)
				LogAssemblyErrors (0ms)
				InitializePlatformSupportModulesInManaged (5ms)
				SetLoadedEditorAssemblies (1ms)
				RefreshPlugins (1ms)
				BeforeProcessingInitializeOnLoad (80ms)
				ProcessInitializeOnLoadAttributes (287ms)
				ProcessInitializeOnLoadMethodAttributes (11ms)
				AfterProcessingInitializeOnLoad (4ms)
				EditorAssembliesLoaded (0ms)
			ExecutionOrderSort2 (0ms)
			AwakeInstancesAfterBackupRestoration (20ms)
Platform modules already initialized, skipping
Refreshing native plugins compatible for Editor in 0.89 ms, found 2 plugins.
Preloading 0 native plugins for Editor in 0.00 ms.
Unloading 3052 Unused Serialized files (Serialized files now loaded: 0)
System memory in use before: 153.2 MB.
System memory in use after: 153.4 MB.

Unloading 15 unused Assets to reduce memory usage. Loaded Objects now: 3728.
Total: 3.998800 ms (FindLiveObjects: 0.362900 ms CreateObjectMapping: 0.163700 ms MarkObjects: 3.440500 ms  DeleteObjects: 0.030100 ms)

AssetImportParameters requested are different than current active one (requested -> active):
  custom:framework-win-MediaFoundation: 216162199b28c13a410421893ffa2e32 -> 
  custom:video-decoder-ogg-theora: a1e56fd34408186e4bbccfd4996cb3dc -> 
  custom:container-muxer-webm: aa71ff27fc2769a1b78a27578f13a17b -> 
  custom:container-demuxer-webm: 4f35f7cbe854078d1ac9338744f61a02 -> 
  custom:container-demuxer-ogg: 62fdf1f143b41e24485cea50d1cbac27 -> 
  custom:video-encoder-webm-vp8: eb34c28f22e8b96e1ab97ce403110664 -> 
  custom:video-decoder-webm-vp8: 9c59270c3fd7afecdb556c50c9e8de78 -> 
  custom:audio-decoder-ogg-vorbis: bf7c407c2cedff20999df2af8eb42d56 -> 
  custom:audio-encoder-webm-vorbis: bf7c407c2cedff20999df2af8eb42d56 -> 
========================================================================
Received Import Request.
  Time since last request: 1095.876163 seconds.
  path: Assets/Animations/Idle.fbx
  artifactKey: Guid(360c761c974cb394e86eb0b2263e36fc) Importer(815301076,1909f56bfc062723c751e8b465ee728b)
Start importing Assets/Animations/Idle.fbx using Guid(360c761c974cb394e86eb0b2263e36fc) Importer(815301076,1909f56bfc062723c751e8b465ee728b)  -> (artifact id: 'c57f58cd75f41deb0b8924b3d35f2efd') in 0.044007 seconds 
  Import took 0.049810 seconds .

========================================================================
Received Import Request.
  Time since last request: 8.333130 seconds.
  path: Assets/Animations/Walking.fbx
  artifactKey: Guid(0d21885905c5bc346b223eaeedfd7d19) Importer(815301076,1909f56bfc062723c751e8b465ee728b)
Start importing Assets/Animations/Walking.fbx using Guid(0d21885905c5bc346b223eaeedfd7d19) Importer(815301076,1909f56bfc062723c751e8b465ee728b)  -> (artifact id: 'adddff4950c132aa754c7435af60ded1') in 0.010030 seconds 
  Import took 0.016391 seconds .

========================================================================
Received Prepare
Registering precompiled user dll's ...
Registered in 0.006295 seconds.
Begin MonoManager ReloadAssembly
Native extension for WindowsStandalone target not found
Refreshing native plugins compatible for Editor in 0.85 ms, found 2 plugins.
Preloading 0 native plugins for Editor in 0.00 ms.
Mono: successfully reloaded assembly
- Completed reload, in  1.357 seconds
Domain Reload Profiling:
	ReloadAssembly (1357ms)
		BeginReloadAssembly (138ms)
			ExecutionOrderSort (0ms)
			DisableScriptedObjects (6ms)
			BackupInstance (0ms)
			ReleaseScriptingObjects (0ms)
			CreateAndSetChildDomain (43ms)
		EndReloadAssembly (1147ms)
			LoadAssemblies (123ms)
			RebuildTransferFunctionScriptingTraits (0ms)
			SetupTypeCache (401ms)
			ReleaseScriptCaches (1ms)
			RebuildScriptCaches (55ms)
			SetupLoadedEditorAssemblies (392ms)
				LogAssemblyErrors (0ms)
				InitializePlatformSupportModulesInManaged (4ms)
				SetLoadedEditorAssemblies (1ms)
				RefreshPlugins (1ms)
				BeforeProcessingInitializeOnLoad (79ms)
				ProcessInitializeOnLoadAttributes (289ms)
				ProcessInitializeOnLoadMethodAttributes (13ms)
				AfterProcessingInitializeOnLoad (4ms)
				EditorAssembliesLoaded (0ms)
			ExecutionOrderSort2 (0ms)
			AwakeInstancesAfterBackupRestoration (20ms)
Platform modules already initialized, skipping
Refreshing native plugins compatible for Editor in 0.86 ms, found 2 plugins.
Preloading 0 native plugins for Editor in 0.00 ms.
Unloading 3052 Unused Serialized files (Serialized files now loaded: 0)
System memory in use before: 153.2 MB.
System memory in use after: 153.4 MB.

Unloading 15 unused Assets to reduce memory usage. Loaded Objects now: 3730.
Total: 3.890400 ms (FindLiveObjects: 0.325000 ms CreateObjectMapping: 0.135300 ms MarkObjects: 3.408300 ms  DeleteObjects: 0.020500 ms)

AssetImportParameters requested are different than current active one (requested -> active):
  custom:framework-win-MediaFoundation: 216162199b28c13a410421893ffa2e32 -> 
  custom:video-decoder-ogg-theora: a1e56fd34408186e4bbccfd4996cb3dc -> 
  custom:container-muxer-webm: aa71ff27fc2769a1b78a27578f13a17b -> 
  custom:container-demuxer-webm: 4f35f7cbe854078d1ac9338744f61a02 -> 
  custom:container-demuxer-ogg: 62fdf1f143b41e24485cea50d1cbac27 -> 
  custom:video-encoder-webm-vp8: eb34c28f22e8b96e1ab97ce403110664 -> 
  custom:video-decoder-webm-vp8: 9c59270c3fd7afecdb556c50c9e8de78 -> 
  custom:audio-decoder-ogg-vorbis: bf7c407c2cedff20999df2af8eb42d56 -> 
  custom:audio-encoder-webm-vorbis: bf7c407c2cedff20999df2af8eb42d56 -> 
========================================================================
Received Import Request.
  Time since last request: 105.689819 seconds.
  path: Assets/Data
  artifactKey: Guid(fa9e592249038a447b6542dffee1629e) Importer(815301076,1909f56bfc062723c751e8b465ee728b)
Start importing Assets/Data using Guid(fa9e592249038a447b6542dffee1629e) Importer(815301076,1909f56bfc062723c751e8b465ee728b)  -> (artifact id: '9cf68648ae38d0154729972d8e995b09') in 0.011225 seconds 
  Import took 0.018308 seconds .

========================================================================
Received Import Request.
  Time since last request: 5.279537 seconds.
  path: Assets/Data/GameObjectVariable.asset
  artifactKey: Guid(be4d424acb5aad64e89170cf6964f9a3) Importer(815301076,1909f56bfc062723c751e8b465ee728b)
Start importing Assets/Data/GameObjectVariable.asset using Guid(be4d424acb5aad64e89170cf6964f9a3) Importer(815301076,1909f56bfc062723c751e8b465ee728b)  -> (artifact id: 'c301ae66610dd77e16a4125c1fd59fdf') in 0.023489 seconds 
  Import took 0.029400 seconds .

========================================================================
Received Import Request.
  Time since last request: 50.535968 seconds.
  path: ProjectSettings/TagManager.asset
  artifactKey: Guid(00000000000000003000000000000000) Importer(815301076,1909f56bfc062723c751e8b465ee728b)
Start importing ProjectSettings/TagManager.asset using Guid(00000000000000003000000000000000) Importer(815301076,1909f56bfc062723c751e8b465ee728b)  -> (artifact id: 'fc42e30003074059bef8fb59cba1b257') in 0.007798 seconds 
  Import took 0.013719 seconds .

========================================================================
Received Prepare
Registering precompiled user dll's ...
Registered in 0.005992 seconds.
Begin MonoManager ReloadAssembly
Native extension for WindowsStandalone target not found
Refreshing native plugins compatible for Editor in 0.86 ms, found 2 plugins.
Preloading 0 native plugins for Editor in 0.00 ms.
Mono: successfully reloaded assembly
- Completed reload, in  1.361 seconds
Domain Reload Profiling:
	ReloadAssembly (1362ms)
		BeginReloadAssembly (131ms)
			ExecutionOrderSort (0ms)
			DisableScriptedObjects (6ms)
			BackupInstance (0ms)
			ReleaseScriptingObjects (0ms)
			CreateAndSetChildDomain (41ms)
		EndReloadAssembly (1156ms)
			LoadAssemblies (117ms)
			RebuildTransferFunctionScriptingTraits (0ms)
			SetupTypeCache (404ms)
			ReleaseScriptCaches (2ms)
			RebuildScriptCaches (55ms)
			SetupLoadedEditorAssemblies (398ms)
				LogAssemblyErrors (0ms)
				InitializePlatformSupportModulesInManaged (4ms)
				SetLoadedEditorAssemblies (1ms)
				RefreshPlugins (1ms)
				BeforeProcessingInitializeOnLoad (83ms)
				ProcessInitializeOnLoadAttributes (292ms)
				ProcessInitializeOnLoadMethodAttributes (12ms)
				AfterProcessingInitializeOnLoad (5ms)
				EditorAssembliesLoaded (0ms)
			ExecutionOrderSort2 (0ms)
			AwakeInstancesAfterBackupRestoration (21ms)
Platform modules already initialized, skipping
Refreshing native plugins compatible for Editor in 0.90 ms, found 2 plugins.
Preloading 0 native plugins for Editor in 0.00 ms.
Unloading 3052 Unused Serialized files (Serialized files now loaded: 0)
System memory in use before: 153.2 MB.
System memory in use after: 153.4 MB.

Unloading 16 unused Assets to reduce memory usage. Loaded Objects now: 3732.
Total: 3.841500 ms (FindLiveObjects: 0.304000 ms CreateObjectMapping: 0.133900 ms MarkObjects: 3.380200 ms  DeleteObjects: 0.022100 ms)

AssetImportParameters requested are different than current active one (requested -> active):
  custom:framework-win-MediaFoundation: 216162199b28c13a410421893ffa2e32 -> 
  custom:video-decoder-ogg-theora: a1e56fd34408186e4bbccfd4996cb3dc -> 
  custom:container-muxer-webm: aa71ff27fc2769a1b78a27578f13a17b -> 
  custom:container-demuxer-webm: 4f35f7cbe854078d1ac9338744f61a02 -> 
  custom:container-demuxer-ogg: 62fdf1f143b41e24485cea50d1cbac27 -> 
  custom:video-encoder-webm-vp8: eb34c28f22e8b96e1ab97ce403110664 -> 
  custom:video-decoder-webm-vp8: 9c59270c3fd7afecdb556c50c9e8de78 -> 
  custom:audio-decoder-ogg-vorbis: bf7c407c2cedff20999df2af8eb42d56 -> 
  custom:audio-encoder-webm-vorbis: bf7c407c2cedff20999df2af8eb42d56 -> 
========================================================================
Received Prepare
Registering precompiled user dll's ...
Registered in 0.006933 seconds.
Begin MonoManager ReloadAssembly
Native extension for WindowsStandalone target not found
Refreshing native plugins compatible for Editor in 0.88 ms, found 2 plugins.
Preloading 0 native plugins for Editor in 0.00 ms.
Mono: successfully reloaded assembly
- Completed reload, in  1.346 seconds
Domain Reload Profiling:
	ReloadAssembly (1347ms)
		BeginReloadAssembly (131ms)
			ExecutionOrderSort (0ms)
			DisableScriptedObjects (6ms)
			BackupInstance (0ms)
			ReleaseScriptingObjects (0ms)
			CreateAndSetChildDomain (38ms)
		EndReloadAssembly (1143ms)
			LoadAssemblies (118ms)
			RebuildTransferFunctionScriptingTraits (0ms)
			SetupTypeCache (396ms)
			ReleaseScriptCaches (1ms)
			RebuildScriptCaches (56ms)
			SetupLoadedEditorAssemblies (394ms)
				LogAssemblyErrors (0ms)
				InitializePlatformSupportModulesInManaged (4ms)
				SetLoadedEditorAssemblies (1ms)
				RefreshPlugins (1ms)
				BeforeProcessingInitializeOnLoad (85ms)
				ProcessInitializeOnLoadAttributes (287ms)
				ProcessInitializeOnLoadMethodAttributes (11ms)
				AfterProcessingInitializeOnLoad (4ms)
				EditorAssembliesLoaded (0ms)
			ExecutionOrderSort2 (0ms)
			AwakeInstancesAfterBackupRestoration (20ms)
Platform modules already initialized, skipping
Refreshing native plugins compatible for Editor in 0.88 ms, found 2 plugins.
Preloading 0 native plugins for Editor in 0.00 ms.
Unloading 3052 Unused Serialized files (Serialized files now loaded: 0)
System memory in use before: 153.2 MB.
System memory in use after: 153.4 MB.

Unloading 15 unused Assets to reduce memory usage. Loaded Objects now: 3734.
Total: 4.586000 ms (FindLiveObjects: 0.390900 ms CreateObjectMapping: 0.289500 ms MarkObjects: 3.873500 ms  DeleteObjects: 0.030500 ms)

AssetImportParameters requested are different than current active one (requested -> active):
  custom:framework-win-MediaFoundation: 216162199b28c13a410421893ffa2e32 -> 
  custom:video-decoder-ogg-theora: a1e56fd34408186e4bbccfd4996cb3dc -> 
  custom:container-muxer-webm: aa71ff27fc2769a1b78a27578f13a17b -> 
  custom:container-demuxer-webm: 4f35f7cbe854078d1ac9338744f61a02 -> 
  custom:container-demuxer-ogg: 62fdf1f143b41e24485cea50d1cbac27 -> 
  custom:video-encoder-webm-vp8: eb34c28f22e8b96e1ab97ce403110664 -> 
  custom:video-decoder-webm-vp8: 9c59270c3fd7afecdb556c50c9e8de78 -> 
  custom:audio-decoder-ogg-vorbis: bf7c407c2cedff20999df2af8eb42d56 -> 
  custom:audio-encoder-webm-vorbis: bf7c407c2cedff20999df2af8eb42d56 -> 
========================================================================
Received Prepare
Registering precompiled user dll's ...
Registered in 0.007872 seconds.
Begin MonoManager ReloadAssembly
Native extension for WindowsStandalone target not found
Refreshing native plugins compatible for Editor in 1.03 ms, found 2 plugins.
Preloading 0 native plugins for Editor in 0.00 ms.
Mono: successfully reloaded assembly
- Completed reload, in  1.753 seconds
Domain Reload Profiling:
	ReloadAssembly (1753ms)
		BeginReloadAssembly (169ms)
			ExecutionOrderSort (0ms)
			DisableScriptedObjects (8ms)
			BackupInstance (0ms)
			ReleaseScriptingObjects (0ms)
			CreateAndSetChildDomain (50ms)
		EndReloadAssembly (1495ms)
			LoadAssemblies (151ms)
			RebuildTransferFunctionScriptingTraits (0ms)
			SetupTypeCache (545ms)
			ReleaseScriptCaches (2ms)
			RebuildScriptCaches (72ms)
			SetupLoadedEditorAssemblies (507ms)
				LogAssemblyErrors (0ms)
				InitializePlatformSupportModulesInManaged (6ms)
				SetLoadedEditorAssemblies (1ms)
				RefreshPlugins (1ms)
				BeforeProcessingInitializeOnLoad (98ms)
				ProcessInitializeOnLoadAttributes (382ms)
				ProcessInitializeOnLoadMethodAttributes (14ms)
				AfterProcessingInitializeOnLoad (5ms)
				EditorAssembliesLoaded (1ms)
			ExecutionOrderSort2 (0ms)
			AwakeInstancesAfterBackupRestoration (26ms)
Platform modules already initialized, skipping
Refreshing native plugins compatible for Editor in 0.87 ms, found 2 plugins.
Preloading 0 native plugins for Editor in 0.00 ms.
Unloading 3052 Unused Serialized files (Serialized files now loaded: 0)
System memory in use before: 153.2 MB.
System memory in use after: 153.4 MB.

Unloading 15 unused Assets to reduce memory usage. Loaded Objects now: 3736.
Total: 5.279400 ms (FindLiveObjects: 0.402700 ms CreateObjectMapping: 0.272300 ms MarkObjects: 4.579300 ms  DeleteObjects: 0.023300 ms)

AssetImportParameters requested are different than current active one (requested -> active):
  custom:framework-win-MediaFoundation: 216162199b28c13a410421893ffa2e32 -> 
  custom:video-decoder-ogg-theora: a1e56fd34408186e4bbccfd4996cb3dc -> 
  custom:container-muxer-webm: aa71ff27fc2769a1b78a27578f13a17b -> 
  custom:container-demuxer-webm: 4f35f7cbe854078d1ac9338744f61a02 -> 
  custom:container-demuxer-ogg: 62fdf1f143b41e24485cea50d1cbac27 -> 
  custom:video-encoder-webm-vp8: eb34c28f22e8b96e1ab97ce403110664 -> 
  custom:video-decoder-webm-vp8: 9c59270c3fd7afecdb556c50c9e8de78 -> 
  custom:audio-decoder-ogg-vorbis: bf7c407c2cedff20999df2af8eb42d56 -> 
  custom:audio-encoder-webm-vorbis: bf7c407c2cedff20999df2af8eb42d56 -> 
========================================================================
Received Prepare
Registering precompiled user dll's ...
Registered in 0.006018 seconds.
Begin MonoManager ReloadAssembly
Native extension for WindowsStandalone target not found
Refreshing native plugins compatible for Editor in 1.23 ms, found 2 plugins.
Preloading 0 native plugins for Editor in 0.00 ms.
Mono: successfully reloaded assembly
- Completed reload, in  1.356 seconds
Domain Reload Profiling:
	ReloadAssembly (1356ms)
		BeginReloadAssembly (142ms)
			ExecutionOrderSort (0ms)
			DisableScriptedObjects (6ms)
			BackupInstance (0ms)
			ReleaseScriptingObjects (0ms)
			CreateAndSetChildDomain (38ms)
		EndReloadAssembly (1141ms)
			LoadAssemblies (116ms)
			RebuildTransferFunctionScriptingTraits (0ms)
			SetupTypeCache (397ms)
			ReleaseScriptCaches (1ms)
			RebuildScriptCaches (57ms)
			SetupLoadedEditorAssemblies (387ms)
				LogAssemblyErrors (0ms)
				InitializePlatformSupportModulesInManaged (5ms)
				SetLoadedEditorAssemblies (1ms)
				RefreshPlugins (1ms)
				BeforeProcessingInitializeOnLoad (80ms)
				ProcessInitializeOnLoadAttributes (283ms)
				ProcessInitializeOnLoadMethodAttributes (12ms)
				AfterProcessingInitializeOnLoad (4ms)
				EditorAssembliesLoaded (0ms)
			ExecutionOrderSort2 (0ms)
			AwakeInstancesAfterBackupRestoration (20ms)
Platform modules already initialized, skipping
Refreshing native plugins compatible for Editor in 0.86 ms, found 2 plugins.
Preloading 0 native plugins for Editor in 0.00 ms.
Unloading 3052 Unused Serialized files (Serialized files now loaded: 0)
System memory in use before: 153.2 MB.
System memory in use after: 153.5 MB.

Unloading 15 unused Assets to reduce memory usage. Loaded Objects now: 3738.
Total: 3.891600 ms (FindLiveObjects: 0.301000 ms CreateObjectMapping: 0.135600 ms MarkObjects: 3.433100 ms  DeleteObjects: 0.020400 ms)

AssetImportParameters requested are different than current active one (requested -> active):
  custom:framework-win-MediaFoundation: 216162199b28c13a410421893ffa2e32 -> 
  custom:video-decoder-ogg-theora: a1e56fd34408186e4bbccfd4996cb3dc -> 
  custom:container-muxer-webm: aa71ff27fc2769a1b78a27578f13a17b -> 
  custom:container-demuxer-webm: 4f35f7cbe854078d1ac9338744f61a02 -> 
  custom:container-demuxer-ogg: 62fdf1f143b41e24485cea50d1cbac27 -> 
  custom:video-encoder-webm-vp8: eb34c28f22e8b96e1ab97ce403110664 -> 
  custom:video-decoder-webm-vp8: 9c59270c3fd7afecdb556c50c9e8de78 -> 
  custom:audio-decoder-ogg-vorbis: bf7c407c2cedff20999df2af8eb42d56 -> 
  custom:audio-encoder-webm-vorbis: bf7c407c2cedff20999df2af8eb42d56 -> 
========================================================================
Received Import Request.
  Time since last request: 430.583390 seconds.
  path: Assets/Animations/PulseScale.anim
  artifactKey: Guid(a9ba717bc5d5cc34cb5f7b170b38a9fe) Importer(815301076,1909f56bfc062723c751e8b465ee728b)
Start importing Assets/Animations/PulseScale.anim using Guid(a9ba717bc5d5cc34cb5f7b170b38a9fe) Importer(815301076,1909f56bfc062723c751e8b465ee728b)  -> (artifact id: '8585ca6e9272f69cbe451e6f9d5f7b65') in 0.050087 seconds 
  Import took 0.055832 seconds .

========================================================================
Received Prepare
Registering precompiled user dll's ...
Registered in 0.006029 seconds.
Begin MonoManager ReloadAssembly
Native extension for WindowsStandalone target not found
Refreshing native plugins compatible for Editor in 0.91 ms, found 2 plugins.
Preloading 0 native plugins for Editor in 0.00 ms.
Mono: successfully reloaded assembly
- Completed reload, in  1.352 seconds
Domain Reload Profiling:
	ReloadAssembly (1353ms)
		BeginReloadAssembly (134ms)
			ExecutionOrderSort (0ms)
			DisableScriptedObjects (6ms)
			BackupInstance (0ms)
			ReleaseScriptingObjects (0ms)
			CreateAndSetChildDomain (40ms)
		EndReloadAssembly (1147ms)
			LoadAssemblies (120ms)
			RebuildTransferFunctionScriptingTraits (0ms)
			SetupTypeCache (392ms)
			ReleaseScriptCaches (2ms)
			RebuildScriptCaches (56ms)
			SetupLoadedEditorAssemblies (390ms)
				LogAssemblyErrors (0ms)
				InitializePlatformSupportModulesInManaged (4ms)
				SetLoadedEditorAssemblies (1ms)
				RefreshPlugins (1ms)
				BeforeProcessingInitializeOnLoad (81ms)
				ProcessInitializeOnLoadAttributes (287ms)
				ProcessInitializeOnLoadMethodAttributes (12ms)
				AfterProcessingInitializeOnLoad (4ms)
				EditorAssembliesLoaded (0ms)
			ExecutionOrderSort2 (0ms)
			AwakeInstancesAfterBackupRestoration (19ms)
Platform modules already initialized, skipping
Refreshing native plugins compatible for Editor in 0.89 ms, found 2 plugins.
Preloading 0 native plugins for Editor in 0.00 ms.
Unloading 3052 Unused Serialized files (Serialized files now loaded: 0)
System memory in use before: 153.2 MB.
System memory in use after: 153.5 MB.

Unloading 15 unused Assets to reduce memory usage. Loaded Objects now: 3740.
Total: 4.040400 ms (FindLiveObjects: 0.306900 ms CreateObjectMapping: 0.133300 ms MarkObjects: 3.560200 ms  DeleteObjects: 0.029900 ms)

AssetImportParameters requested are different than current active one (requested -> active):
  custom:framework-win-MediaFoundation: 216162199b28c13a410421893ffa2e32 -> 
  custom:video-decoder-ogg-theora: a1e56fd34408186e4bbccfd4996cb3dc -> 
  custom:container-muxer-webm: aa71ff27fc2769a1b78a27578f13a17b -> 
  custom:container-demuxer-webm: 4f35f7cbe854078d1ac9338744f61a02 -> 
  custom:container-demuxer-ogg: 62fdf1f143b41e24485cea50d1cbac27 -> 
  custom:video-encoder-webm-vp8: eb34c28f22e8b96e1ab97ce403110664 -> 
  custom:video-decoder-webm-vp8: 9c59270c3fd7afecdb556c50c9e8de78 -> 
  custom:audio-decoder-ogg-vorbis: bf7c407c2cedff20999df2af8eb42d56 -> 
  custom:audio-encoder-webm-vorbis: bf7c407c2cedff20999df2af8eb42d56 -> 
AssetImportWorkerClient::OnTransportError - code=2 error=End of file
